<?xml version="1.0" encoding="UTF-8"?>
<testsuite xmlns:xsi="http://www.w3.org/2001/XMLSchema-instance" xsi:noNamespaceSchemaLocation="https://maven.apache.org/surefire/maven-surefire-plugin/xsd/surefire-test-report.xsd" name="texteditor.OpenSearchSaveTest" time="0.697" tests="3" errors="0" skipped="0" failures="0">
  <properties>
[...]
</properties>
  <testcase name="search" classname="texteditor.OpenSearchSaveTest" time="0.625"/>
  <testcase name="open" classname="texteditor.OpenSearchSaveTest" time="0.028"/>
  <testcase name="save" classname="texteditor.OpenSearchSaveTest" time="0.037"/>
</testsuite>